# JRE version: OpenJDK Runtime Environment (11.0+28) (build 11+28)
# Java VM: OpenJDK 64-Bit Server VM (11+28, mixed mode, tiered, compressed oops, g1 gc, linux-amd64)
Heap:
 garbage-first heap   total 512000K, used 237779K [0x000000060d000000, 0x0000000800000000)
  region size 2048K, 111 young (227328K), 2 survivors (4096K)
 Metaspace       used 53123K, capacity 54321K, committed 54576K, reserved 1097728K
  class space    used 5796K, capacity 6259K, committed 6272K, reserved 1048576K
GC Heap History (10 events):
Event: 82464.610 GC heap before
{Heap before GC invocations=78 (full 0):
 garbage-first heap   total 512000K, used 320060K [0x000000060d000000, 0x0000000800000000)
  region size 2048K, 150 young (307200K), 3 survivors (6144K)
 Metaspace       used 49168K, capacity 50317K, committed 50608K, reserved 1093632K
  class space    used 5356K, capacity 5782K, committed 5888K, reserved 1048576K
}
Event: 82464.615 GC heap after
{Heap after GC invocations=79 (full 0):
 garbage-first heap   total 512000K, used 18958K [0x000000060d000000, 0x0000000800000000)
  region size 2048K, 3 young (6144K), 3 survivors (6144K)
 Metaspace       used 49168K, capacity 50317K, committed 50608K, reserved 1093632K
  class space    used 5356K, capacity 5782K, committed 5888K, reserved 1048576K
}
Event: 83546.494 GC heap before
{Heap before GC invocations=79 (full 0):
 garbage-first heap   total 512000K, used 320014K [0x000000060d000000, 0x0000000800000000)
  region size 2048K, 150 young (307200K), 3 survivors (6144K)
 Metaspace       used 49168K, capacity 50317K, committed 50608K, reserved 1093632K
  class space    used 5356K, capacity 5782K, committed 5888K, reserved 1048576K
}
Event: 83546.501 GC heap after
{Heap after GC invocations=80 (full 0):
 garbage-first heap   total 512000K, used 19004K [0x000000060d000000, 0x0000000800000000)
  region size 2048K, 3 young (6144K), 3 survivors (6144K)
 Metaspace       used 49168K, capacity 50317K, committed 50608K, reserved 1093632K
  class space    used 5356K, capacity 5782K, committed 5888K, reserved 1048576K
}
Event: 84628.563 GC heap before
{Heap before GC invocations=80 (full 0):
 garbage-first heap   total 512000K, used 320060K [0x000000060d000000, 0x0000000800000000)
  region size 2048K, 150 young (307200K), 3 survivors (6144K)
 Metaspace       used 49172K, capacity 50317K, committed 50608K, reserved 1093632K
  class space    used 5356K, capacity 5782K, committed 5888K, reserved 1048576K
}
Event: 84628.573 GC heap after
{Heap after GC invocations=81 (full 0):
 garbage-first heap   total 512000K, used 16886K [0x000000060d000000, 0x0000000800000000)
  region size 2048K, 2 young (4096K), 2 survivors (4096K)
 Metaspace       used 49172K, capacity 50317K, committed 50608K, reserved 1093632K
  class space    used 5356K, capacity 5782K, committed 5888K, reserved 1048576K
}
Event: 85722.676 GC heap before
{Heap before GC invocations=81 (full 0):
 garbage-first heap   total 512000K, used 319990K [0x000000060d000000, 0x0000000800000000)
  region size 2048K, 150 young (307200K), 2 survivors (4096K)
 Metaspace       used 49177K, capacity 50317K, committed 50608K, reserved 1093632K
  class space    used 5356K, capacity 5782K, committed 5888K, reserved 1048576K
}
Event: 85722.680 GC heap after
{Heap after GC invocations=82 (full 0):
 garbage-first heap   total 512000K, used 16688K [0x000000060d000000, 0x0000000800000000)
  region size 2048K, 2 young (4096K), 2 survivors (4096K)
 Metaspace       used 49177K, capacity 50317K, committed 50608K, reserved 1093632K
  class space    used 5356K, capacity 5782K, committed 5888K, reserved 1048576K
}
Event: 86814.686 GC heap before
{Heap before GC invocations=82 (full 0):
 garbage-first heap   total 512000K, used 319792K [0x000000060d000000, 0x0000000800000000)
  region size 2048K, 150 young (307200K), 2 survivors (4096K)
 Metaspace       used 49184K, capacity 50317K, committed 50608K, reserved 1093632K
  class space    used 5356K, capacity 5782K, committed 5888K, reserved 1048576K
}
Event: 86814.691 GC heap after
{Heap after GC invocations=83 (full 0):
 garbage-first heap   total 512000K, used 16595K [0x000000060d000000, 0x0000000800000000)
  region size 2048K, 2 young (4096K), 2 survivors (4096K)
 Metaspace       used 49184K, capacity 50317K, committed 50608K, reserved 1093632K
  class space    used 5356K, capacity 5782K, committed 5888K, reserved 1048576K
}

